# JRE version: Java(TM) SE Runtime Environment (7.0_71-b14) (build 1.7.0_71-b14)
# Java VM: Java HotSpot(TM) 64-Bit Server VM (24.71-b01 mixed mode bsd-amd64 compressed oops)
Heap
 PSYoungGen      total 276992K, used 37769K [0x00000007eaa80000, 0x0000000800000000, 0x0000000800000000)
  eden space 210944K, 1% used [0x00000007eaa80000,0x00000007eaccb8b8,0x00000007f7880000)
  from space 66048K, 53% used [0x00000007f7880000,0x00000007f9b16f40,0x00000007fb900000)
  to   space 65024K, 0% used [0x00000007fc080000,0x00000007fc080000,0x0000000800000000)
 ParOldGen       total 230400K, used 187940K [0x00000007c0000000, 0x00000007ce100000, 0x00000007eaa80000)
  object space 230400K, 81% used [0x00000007c0000000,0x00000007cb789200,0x00000007ce100000)
 PSPermGen       total 227840K, used 205542K [0x00000007b0000000, 0x00000007bde80000, 0x00000007c0000000)
  object space 227840K, 90% used [0x00000007b0000000,0x00000007bc8b9808,0x00000007bde80000)
GC Heap History (10 events):
Event: 2350.519 GC heap before
{Heap before GC invocations=44 (full 10):
 PSYoungGen      total 284160K, used 102793K [0x00000007eaa80000, 0x0000000800000000, 0x0000000800000000)
  eden space 229888K, 21% used [0x00000007eaa80000,0x00000007eda34b80,0x00000007f8b00000)
  from space 54272K, 99% used [0x00000007f8b00000,0x00000007fbfada88,0x00000007fc000000)
  to   space 65536K, 0% used [0x00000007fc000000,0x00000007fc000000,0x0000000800000000)
 ParOldGen       total 230400K, used 172978K [0x00000007c0000000, 0x00000007ce100000, 0x00000007eaa80000)
  object space 230400K, 75% used [0x00000007c0000000,0x00000007ca8ec8a8,0x00000007ce100000)
 PSPermGen       total 210432K, used 190446K [0x00000007b0000000, 0x00000007bcd80000, 0x00000007c0000000)
  object space 210432K, 90% used [0x00000007b0000000,0x00000007bb9fba80,0x00000007bcd80000)
Event: 2350.562 GC heap after
Heap after GC invocations=44 (full 10):
 PSYoungGen      total 274944K, used 46122K [0x00000007eaa80000, 0x0000000800000000, 0x0000000800000000)
  eden space 209408K, 0% used [0x00000007eaa80000,0x00000007eaa80000,0x00000007f7700000)
  from space 65536K, 70% used [0x00000007fc000000,0x00000007fed0a930,0x0000000800000000)
  to   space 70144K, 0% used [0x00000007f7700000,0x00000007f7700000,0x00000007fbb80000)
 ParOldGen       total 230400K, used 172978K [0x00000007c0000000, 0x00000007ce100000, 0x00000007eaa80000)
  object space 230400K, 75% used [0x00000007c0000000,0x00000007ca8ec8a8,0x00000007ce100000)
 PSPermGen       total 210432K, used 190446K [0x00000007b0000000, 0x00000007bcd80000, 0x00000007c0000000)
  object space 210432K, 90% used [0x00000007b0000000,0x00000007bb9fba80,0x00000007bcd80000)
}
Event: 2350.562 GC heap before
{Heap before GC invocations=45 (full 11):
 PSYoungGen      total 274944K, used 46122K [0x00000007eaa80000, 0x0000000800000000, 0x0000000800000000)
  eden space 209408K, 0% used [0x00000007eaa80000,0x00000007eaa80000,0x00000007f7700000)
  from space 65536K, 70% used [0x00000007fc000000,0x00000007fed0a930,0x0000000800000000)
  to   space 70144K, 0% used [0x00000007f7700000,0x00000007f7700000,0x00000007fbb80000)
 ParOldGen       total 230400K, used 172978K [0x00000007c0000000, 0x00000007ce100000, 0x00000007eaa80000)
  object space 230400K, 75% used [0x00000007c0000000,0x00000007ca8ec8a8,0x00000007ce100000)
 PSPermGen       total 210432K, used 190446K [0x00000007b0000000, 0x00000007bcd80000, 0x00000007c0000000)
  object space 210432K, 90% used [0x00000007b0000000,0x00000007bb9fba80,0x00000007bcd80000)
Event: 2352.091 GC heap after
Heap after GC invocations=45 (full 11):
 PSYoungGen      total 274944K, used 0K [0x00000007eaa80000, 0x0000000800000000, 0x0000000800000000)
  eden space 209408K, 0% used [0x00000007eaa80000,0x00000007eaa80000,0x00000007f7700000)
  from space 65536K, 0% used [0x00000007fc000000,0x00000007fc000000,0x0000000800000000)
  to   space 70144K, 0% used [0x00000007f7700000,0x00000007f7700000,0x00000007fbb80000)
 ParOldGen       total 230400K, used 187940K [0x00000007c0000000, 0x00000007ce100000, 0x00000007eaa80000)
  object space 230400K, 81% used [0x00000007c0000000,0x00000007cb789200,0x00000007ce100000)
 PSPermGen       total 227840K, used 189800K [0x00000007b0000000, 0x00000007bde80000, 0x00000007c0000000)
  object space 227840K, 83% used [0x00000007b0000000,0x00000007bb95a2c8,0x00000007bde80000)
}
Event: 2374.517 GC heap before
{Heap before GC invocations=46 (full 11):
 PSYoungGen      total 274944K, used 209408K [0x00000007eaa80000, 0x0000000800000000, 0x0000000800000000)
  eden space 209408K, 100% used [0x00000007eaa80000,0x00000007f7700000,0x00000007f7700000)
  from space 65536K, 0% used [0x00000007fc000000,0x00000007fc000000,0x0000000800000000)
  to   space 70144K, 0% used [0x00000007f7700000,0x00000007f7700000,0x00000007fbb80000)
 ParOldGen       total 230400K, used 187940K [0x00000007c0000000, 0x00000007ce100000, 0x00000007eaa80000)
  object space 230400K, 81% used [0x00000007c0000000,0x00000007cb789200,0x00000007ce100000)
 PSPermGen       total 227840K, used 195943K [0x00000007b0000000, 0x00000007bde80000, 0x00000007c0000000)
  object space 227840K, 86% used [0x00000007b0000000,0x00000007bbf59cf0,0x00000007bde80000)
Event: 2374.545 GC heap after
Heap after GC invocations=46 (full 11):
 PSYoungGen      total 279552K, used 13382K [0x00000007eaa80000, 0x0000000800000000, 0x0000000800000000)
  eden space 209408K, 0% used [0x00000007eaa80000,0x00000007eaa80000,0x00000007f7700000)
  from space 70144K, 19% used [0x00000007f7700000,0x00000007f8411b10,0x00000007fbb80000)
  to   space 68608K, 0% used [0x00000007fbd00000,0x00000007fbd00000,0x0000000800000000)
 ParOldGen       total 230400K, used 187940K [0x00000007c0000000, 0x00000007ce100000, 0x00000007eaa80000)
  object space 230400K, 81% used [0x00000007c0000000,0x00000007cb789200,0x00000007ce100000)
 PSPermGen       total 227840K, used 195943K [0x00000007b0000000, 0x00000007bde80000, 0x00000007c0000000)
  object space 227840K, 86% used [0x00000007b0000000,0x00000007bbf59cf0,0x00000007bde80000)
}
Event: 2383.781 GC heap before
{Heap before GC invocations=47 (full 11):
 PSYoungGen      total 279552K, used 222790K [0x00000007eaa80000, 0x0000000800000000, 0x0000000800000000)
  eden space 209408K, 100% used [0x00000007eaa80000,0x00000007f7700000,0x00000007f7700000)
  from space 70144K, 19% used [0x00000007f7700000,0x00000007f8411b10,0x00000007fbb80000)
  to   space 68608K, 0% used [0x00000007fbd00000,0x00000007fbd00000,0x0000000800000000)
 ParOldGen       total 230400K, used 187940K [0x00000007c0000000, 0x00000007ce100000, 0x00000007eaa80000)
  object space 230400K, 81% used [0x00000007c0000000,0x00000007cb789200,0x00000007ce100000)
 PSPermGen       total 227840K, used 198194K [0x00000007b0000000, 0x00000007bde80000, 0x00000007c0000000)
  object space 227840K, 86% used [0x00000007b0000000,0x00000007bc18c9e8,0x00000007bde80000)
Event: 2383.804 GC heap after
Heap after GC invocations=47 (full 11):
 PSYoungGen      total 272896K, used 21014K [0x00000007eaa80000, 0x00000007ff980000, 0x0000000800000000)
  eden space 210944K, 0% used [0x00000007eaa80000,0x00000007eaa80000,0x00000007f7880000)
  from space 61952K, 33% used [0x00000007fbd00000,0x00000007fd185950,0x00000007ff980000)
  to   space 66048K, 0% used [0x00000007f7880000,0x00000007f7880000,0x00000007fb900000)
 ParOldGen       total 230400K, used 187940K [0x00000007c0000000, 0x00000007ce100000, 0x00000007eaa80000)
  object space 230400K, 81% used [0x00000007c0000000,0x00000007cb789200,0x00000007ce100000)
 PSPermGen       total 227840K, used 198194K [0x00000007b0000000, 0x00000007bde80000, 0x00000007c0000000)
  object space 227840K, 86% used [0x00000007b0000000,0x00000007bc18c9e8,0x00000007bde80000)
}
Event: 2533.792 GC heap before
{Heap before GC invocations=48 (full 11):
 PSYoungGen      total 272896K, used 231958K [0x00000007eaa80000, 0x00000007ff980000, 0x0000000800000000)
  eden space 210944K, 100% used [0x00000007eaa80000,0x00000007f7880000,0x00000007f7880000)
  from space 61952K, 33% used [0x00000007fbd00000,0x00000007fd185950,0x00000007ff980000)
  to   space 66048K, 0% used [0x00000007f7880000,0x00000007f7880000,0x00000007fb900000)
 ParOldGen       total 230400K, used 187940K [0x00000007c0000000, 0x00000007ce100000, 0x00000007eaa80000)
  object space 230400K, 81% used [0x00000007c0000000,0x00000007cb789200,0x00000007ce100000)
 PSPermGen       total 227840K, used 205524K [0x00000007b0000000, 0x00000007bde80000, 0x00000007c0000000)
  object space 227840K, 90% used [0x00000007b0000000,0x00000007bc8b51a0,0x00000007bde80000)
Event: 2533.824 GC heap after
Heap after GC invocations=48 (full 11):
 PSYoungGen      total 276992K, used 35419K [0x00000007eaa80000, 0x0000000800000000, 0x0000000800000000)
  eden space 210944K, 0% used [0x00000007eaa80000,0x00000007eaa80000,0x00000007f7880000)
  from space 66048K, 53% used [0x00000007f7880000,0x00000007f9b16f40,0x00000007fb900000)
  to   space 65024K, 0% used [0x00000007fc080000,0x00000007fc080000,0x0000000800000000)
 ParOldGen       total 230400K, used 187940K [0x00000007c0000000, 0x00000007ce100000, 0x00000007eaa80000)
  object space 230400K, 81% used [0x00000007c0000000,0x00000007cb789200,0x00000007ce100000)
 PSPermGen       total 227840K, used 205524K [0x00000007b0000000, 0x00000007bde80000, 0x00000007c0000000)
  object space 227840K, 90% used [0x00000007b0000000,0x00000007bc8b51a0,0x00000007bde80000)
}

